[INFO] Scanning for projects...
[INFO] 
[INFO] ------------------< pse.trippy:notification-service >-------------------
[INFO] Building Notification Service 0.0.1-SNAPSHOT
[INFO]   from pom.xml
[INFO] --------------------------------[ jar ]---------------------------------
[INFO] 
[INFO] >>> spring-boot:3.4.1:run (default-cli) > test-compile @ notification-service >>>
[INFO] 
[INFO] --- resources:3.3.1:resources (default-resources) @ notification-service ---
[INFO] Copying 1 resource from src/main/resources to target/classes
[INFO] Copying 8 resources from src/main/resources to target/classes
[INFO] 
[INFO] --- compiler:3.13.0:compile (default-compile) @ notification-service ---
[INFO] Nothing to compile - all classes are up to date.
[INFO] 
[INFO] --- resources:3.3.1:testResources (default-testResources) @ notification-service ---
[INFO] Copying 1 resource from src/test/resources to target/test-classes
[INFO] 
[INFO] --- compiler:3.13.0:testCompile (default-testCompile) @ notification-service ---
[INFO] Nothing to compile - all classes are up to date.
[INFO] 
[INFO] <<< spring-boot:3.4.1:run (default-cli) < test-compile @ notification-service <<<
[INFO] 
[INFO] 
[INFO] --- spring-boot:3.4.1:run (default-cli) @ notification-service ---
[INFO] Attaching agents: []

  .   ____          _            __ _ _
 /\\ / ___'_ __ _ _(_)_ __  __ _ \ \ \ \
( ( )\___ | '_ | '_| | '_ \/ _` | \ \ \ \
 \\/  ___)| |_)| | | | | || (_| |  ) ) ) )
  '  |____| .__|_| |_|_| |_\__, | / / / /
 =========|_|==============|___/=/_/_/_/

 :: Spring Boot ::                (v3.4.1)

2026-04-25T11:00:27.665+02:00  INFO 62449 --- [notification-service] [  restartedMain] p.t.n.NotificationServiceApplication     : Starting NotificationServiceApplication using Java 21.0.10 with PID 62449 (/Users/syed/Documents/PSE/SP1_Trippy/trippy/services/notification-service/target/classes started by syed in /Users/syed/Documents/PSE/SP1_Trippy/trippy/services/notification-service)
2026-04-25T11:00:27.665+02:00  INFO 62449 --- [notification-service] [  restartedMain] p.t.n.NotificationServiceApplication     : No active profile set, falling back to 1 default profile: "default"
2026-04-25T11:00:27.682+02:00  INFO 62449 --- [notification-service] [  restartedMain] .e.DevToolsPropertyDefaultsPostProcessor : Devtools property defaults active! Set 'spring.devtools.add-properties' to 'false' to disable
2026-04-25T11:00:27.682+02:00  INFO 62449 --- [notification-service] [  restartedMain] .e.DevToolsPropertyDefaultsPostProcessor : For additional web related logging consider setting the 'logging.level.web' property to 'DEBUG'
2026-04-25T11:00:28.043+02:00  INFO 62449 --- [notification-service] [  restartedMain] .s.d.r.c.RepositoryConfigurationDelegate : Bootstrapping Spring Data JPA repositories in DEFAULT mode.
2026-04-25T11:00:28.059+02:00  INFO 62449 --- [notification-service] [  restartedMain] .s.d.r.c.RepositoryConfigurationDelegate : Finished Spring Data repository scanning in 13 ms. Found 2 JPA repository interfaces.
2026-04-25T11:00:28.311+02:00  INFO 62449 --- [notification-service] [  restartedMain] o.s.b.w.embedded.tomcat.TomcatWebServer  : Tomcat initialized with port 8085 (http)
2026-04-25T11:00:28.316+02:00  INFO 62449 --- [notification-service] [  restartedMain] o.apache.catalina.core.StandardService   : Starting service [Tomcat]
2026-04-25T11:00:28.316+02:00  INFO 62449 --- [notification-service] [  restartedMain] o.apache.catalina.core.StandardEngine    : Starting Servlet engine: [Apache Tomcat/10.1.34]
2026-04-25T11:00:28.327+02:00  INFO 62449 --- [notification-service] [  restartedMain] o.a.c.c.C.[Tomcat].[localhost].[/]       : Initializing Spring embedded WebApplicationContext
2026-04-25T11:00:28.328+02:00  INFO 62449 --- [notification-service] [  restartedMain] w.s.c.ServletWebServerApplicationContext : Root WebApplicationContext: initialization completed in 645 ms
2026-04-25T11:00:28.435+02:00  INFO 62449 --- [notification-service] [  restartedMain] o.hibernate.jpa.internal.util.LogHelper  : HHH000204: Processing PersistenceUnitInfo [name: default]
2026-04-25T11:00:28.459+02:00  INFO 62449 --- [notification-service] [  restartedMain] org.hibernate.Version                    : HHH000412: Hibernate ORM core version 6.6.4.Final
2026-04-25T11:00:28.470+02:00  INFO 62449 --- [notification-service] [  restartedMain] o.h.c.internal.RegionFactoryInitiator    : HHH000026: Second-level cache disabled
2026-04-25T11:00:28.555+02:00  INFO 62449 --- [notification-service] [  restartedMain] o.s.o.j.p.SpringPersistenceUnitInfo      : No LoadTimeWeaver setup: ignoring JPA class transformer
2026-04-25T11:00:28.564+02:00  INFO 62449 --- [notification-service] [  restartedMain] com.zaxxer.hikari.HikariDataSource       : HikariPool-1 - Starting...
2026-04-25T11:00:28.624+02:00  INFO 62449 --- [notification-service] [  restartedMain] com.zaxxer.hikari.pool.HikariPool        : HikariPool-1 - Added connection org.postgresql.jdbc.PgConnection@6f94d22e
2026-04-25T11:00:28.625+02:00  INFO 62449 --- [notification-service] [  restartedMain] com.zaxxer.hikari.HikariDataSource       : HikariPool-1 - Start completed.
2026-04-25T11:00:28.652+02:00  INFO 62449 --- [notification-service] [  restartedMain] org.hibernate.orm.connections.pooling    : HHH10001005: Database info:
	Database JDBC URL [Connecting through datasource 'HikariDataSource (HikariPool-1)']
	Database driver: undefined/unknown
	Database version: 16.13
	Autocommit mode: undefined/unknown
	Isolation level: undefined/unknown
	Minimum pool size: undefined/unknown
	Maximum pool size: undefined/unknown
2026-04-25T11:00:28.928+02:00  INFO 62449 --- [notification-service] [  restartedMain] o.h.e.t.j.p.i.JtaPlatformInitiator       : HHH000489: No JTA platform available (set 'hibernate.transaction.jta.platform' to enable JTA platform integration)
2026-04-25T11:00:28.962+02:00  INFO 62449 --- [notification-service] [  restartedMain] j.LocalContainerEntityManagerFactoryBean : Initialized JPA EntityManagerFactory for persistence unit 'default'
2026-04-25T11:00:29.524+02:00  INFO 62449 --- [notification-service] [  restartedMain] o.s.b.d.a.OptionalLiveReloadServer       : LiveReload server is running on port 35729
2026-04-25T11:00:29.528+02:00  INFO 62449 --- [notification-service] [  restartedMain] o.s.b.a.e.web.EndpointLinksResolver      : Exposing 2 endpoints beneath base path '/actuator'
2026-04-25T11:00:29.564+02:00  INFO 62449 --- [notification-service] [  restartedMain] o.s.b.w.embedded.tomcat.TomcatWebServer  : Tomcat started on port 8085 (http) with context path '/'
2026-04-25T11:00:29.565+02:00  INFO 62449 --- [notification-service] [  restartedMain] o.s.a.r.c.CachingConnectionFactory       : Attempting to connect to: [localhost:5672]
2026-04-25T11:00:29.580+02:00  INFO 62449 --- [notification-service] [  restartedMain] o.s.a.r.c.CachingConnectionFactory       : Created new connection: rabbitConnectionFactory#75c241c3:0/SimpleConnection@7601cc09 [delegate=amqp://trippy_mq@127.0.0.1:5672/trippy, localPort=57448]
2026-04-25T11:00:29.625+02:00  INFO 62449 --- [notification-service] [  restartedMain] p.t.n.NotificationServiceApplication     : Started NotificationServiceApplication in 2.072 seconds (process running for 2.243)
