[INFO] Scanning for projects...
[INFO] 
[INFO] ----------------------< pse.trippy:chat-service >-----------------------
[INFO] Building Chat Service 0.0.1-SNAPSHOT
[INFO]   from pom.xml
[INFO] --------------------------------[ jar ]---------------------------------
[INFO] 
[INFO] >>> spring-boot:3.4.1:run (default-cli) > test-compile @ chat-service >>>
[INFO] 
[INFO] --- resources:3.3.1:resources (default-resources) @ chat-service ---
[INFO] Copying 1 resource from src/main/resources to target/classes
[INFO] Copying 0 resource from src/main/resources to target/classes
[INFO] 
[INFO] --- compiler:3.13.0:compile (default-compile) @ chat-service ---
[INFO] Nothing to compile - all classes are up to date.
[INFO] 
[INFO] --- resources:3.3.1:testResources (default-testResources) @ chat-service ---
[INFO] Copying 1 resource from src/test/resources to target/test-classes
[INFO] 
[INFO] --- compiler:3.13.0:testCompile (default-testCompile) @ chat-service ---
[INFO] Nothing to compile - all classes are up to date.
[INFO] 
[INFO] <<< spring-boot:3.4.1:run (default-cli) < test-compile @ chat-service <<<
[INFO] 
[INFO] 
[INFO] --- spring-boot:3.4.1:run (default-cli) @ chat-service ---
[INFO] Attaching agents: []

  .   ____          _            __ _ _
 /\\ / ___'_ __ _ _(_)_ __  __ _ \ \ \ \
( ( )\___ | '_ | '_| | '_ \/ _` | \ \ \ \
 \\/  ___)| |_)| | | | | || (_| |  ) ) ) )
  '  |____| .__|_| |_|_| |_\__, | / / / /
 =========|_|==============|___/=/_/_/_/

 :: Spring Boot ::                (v3.4.1)

2026-04-25T11:01:04.070+02:00  INFO 62613 --- [chat-service] [  restartedMain] p.t.chatservice.ChatServiceApplication   : Starting ChatServiceApplication using Java 21.0.10 with PID 62613 (/Users/syed/Documents/PSE/SP1_Trippy/trippy/services/chat-service/target/classes started by syed in /Users/syed/Documents/PSE/SP1_Trippy/trippy/services/chat-service)
2026-04-25T11:01:04.071+02:00  INFO 62613 --- [chat-service] [  restartedMain] p.t.chatservice.ChatServiceApplication   : No active profile set, falling back to 1 default profile: "default"
2026-04-25T11:01:04.084+02:00  INFO 62613 --- [chat-service] [  restartedMain] .e.DevToolsPropertyDefaultsPostProcessor : Devtools property defaults active! Set 'spring.devtools.add-properties' to 'false' to disable
2026-04-25T11:01:04.084+02:00  INFO 62613 --- [chat-service] [  restartedMain] .e.DevToolsPropertyDefaultsPostProcessor : For additional web related logging consider setting the 'logging.level.web' property to 'DEBUG'
2026-04-25T11:01:04.472+02:00  INFO 62613 --- [chat-service] [  restartedMain] .s.d.r.c.RepositoryConfigurationDelegate : Multiple Spring Data modules found, entering strict repository configuration mode
2026-04-25T11:01:04.472+02:00  INFO 62613 --- [chat-service] [  restartedMain] .s.d.r.c.RepositoryConfigurationDelegate : Bootstrapping Spring Data JPA repositories in DEFAULT mode.
2026-04-25T11:01:04.518+02:00  INFO 62613 --- [chat-service] [  restartedMain] .s.d.r.c.RepositoryConfigurationDelegate : Finished Spring Data repository scanning in 43 ms. Found 3 JPA repository interfaces.
2026-04-25T11:01:04.524+02:00  INFO 62613 --- [chat-service] [  restartedMain] .s.d.r.c.RepositoryConfigurationDelegate : Multiple Spring Data modules found, entering strict repository configuration mode
2026-04-25T11:01:04.524+02:00  INFO 62613 --- [chat-service] [  restartedMain] .s.d.r.c.RepositoryConfigurationDelegate : Bootstrapping Spring Data Redis repositories in DEFAULT mode.
2026-04-25T11:01:04.529+02:00  INFO 62613 --- [chat-service] [  restartedMain] .RepositoryConfigurationExtensionSupport : Spring Data Redis - Could not safely identify store assignment for repository candidate interface pse.trippy.chatservice.repository.ChatMessageRepository; If you want this repository to be a Redis repository, consider annotating your entities with one of these annotations: org.springframework.data.redis.core.RedisHash (preferred), or consider extending one of the following types with your repository: org.springframework.data.keyvalue.repository.KeyValueRepository
2026-04-25T11:01:04.529+02:00  INFO 62613 --- [chat-service] [  restartedMain] .RepositoryConfigurationExtensionSupport : Spring Data Redis - Could not safely identify store assignment for repository candidate interface pse.trippy.chatservice.repository.ChatRoomRepository; If you want this repository to be a Redis repository, consider annotating your entities with one of these annotations: org.springframework.data.redis.core.RedisHash (preferred), or consider extending one of the following types with your repository: org.springframework.data.keyvalue.repository.KeyValueRepository
2026-04-25T11:01:04.529+02:00  INFO 62613 --- [chat-service] [  restartedMain] .RepositoryConfigurationExtensionSupport : Spring Data Redis - Could not safely identify store assignment for repository candidate interface pse.trippy.chatservice.repository.MessageAttachmentRepository; If you want this repository to be a Redis repository, consider annotating your entities with one of these annotations: org.springframework.data.redis.core.RedisHash (preferred), or consider extending one of the following types with your repository: org.springframework.data.keyvalue.repository.KeyValueRepository
2026-04-25T11:01:04.530+02:00  INFO 62613 --- [chat-service] [  restartedMain] .s.d.r.c.RepositoryConfigurationDelegate : Finished Spring Data repository scanning in 2 ms. Found 0 Redis repository interfaces.
2026-04-25T11:01:04.783+02:00  INFO 62613 --- [chat-service] [  restartedMain] o.s.b.w.embedded.tomcat.TomcatWebServer  : Tomcat initialized with port 8083 (http)
2026-04-25T11:01:04.788+02:00  INFO 62613 --- [chat-service] [  restartedMain] o.apache.catalina.core.StandardService   : Starting service [Tomcat]
2026-04-25T11:01:04.788+02:00  INFO 62613 --- [chat-service] [  restartedMain] o.apache.catalina.core.StandardEngine    : Starting Servlet engine: [Apache Tomcat/10.1.34]
2026-04-25T11:01:04.800+02:00  INFO 62613 --- [chat-service] [  restartedMain] o.a.c.c.C.[Tomcat].[localhost].[/]       : Initializing Spring embedded WebApplicationContext
2026-04-25T11:01:04.801+02:00  INFO 62613 --- [chat-service] [  restartedMain] w.s.c.ServletWebServerApplicationContext : Root WebApplicationContext: initialization completed in 717 ms
2026-04-25T11:01:04.900+02:00  INFO 62613 --- [chat-service] [  restartedMain] o.hibernate.jpa.internal.util.LogHelper  : HHH000204: Processing PersistenceUnitInfo [name: default]
2026-04-25T11:01:04.918+02:00  INFO 62613 --- [chat-service] [  restartedMain] org.hibernate.Version                    : HHH000412: Hibernate ORM core version 6.6.4.Final
2026-04-25T11:01:04.927+02:00  INFO 62613 --- [chat-service] [  restartedMain] o.h.c.internal.RegionFactoryInitiator    : HHH000026: Second-level cache disabled
2026-04-25T11:01:05.005+02:00  INFO 62613 --- [chat-service] [  restartedMain] o.s.o.j.p.SpringPersistenceUnitInfo      : No LoadTimeWeaver setup: ignoring JPA class transformer
2026-04-25T11:01:05.014+02:00  INFO 62613 --- [chat-service] [  restartedMain] com.zaxxer.hikari.HikariDataSource       : ChatServicePool - Starting...
2026-04-25T11:01:05.076+02:00  INFO 62613 --- [chat-service] [  restartedMain] com.zaxxer.hikari.pool.HikariPool        : ChatServicePool - Added connection org.postgresql.jdbc.PgConnection@56ef7cef
2026-04-25T11:01:05.077+02:00  INFO 62613 --- [chat-service] [  restartedMain] com.zaxxer.hikari.HikariDataSource       : ChatServicePool - Start completed.
2026-04-25T11:01:05.090+02:00  WARN 62613 --- [chat-service] [  restartedMain] org.hibernate.orm.deprecation            : HHH90000025: PostgreSQLDialect does not need to be specified explicitly using 'hibernate.dialect' (remove the property setting and it will be selected by default)
2026-04-25T11:01:05.097+02:00  INFO 62613 --- [chat-service] [  restartedMain] org.hibernate.orm.connections.pooling    : HHH10001005: Database info:
	Database JDBC URL [Connecting through datasource 'HikariDataSource (ChatServicePool)']
	Database driver: undefined/unknown
	Database version: 16.13
	Autocommit mode: undefined/unknown
	Isolation level: undefined/unknown
	Minimum pool size: undefined/unknown
	Maximum pool size: undefined/unknown
2026-04-25T11:01:05.379+02:00  INFO 62613 --- [chat-service] [  restartedMain] o.h.e.t.j.p.i.JtaPlatformInitiator       : HHH000489: No JTA platform available (set 'hibernate.transaction.jta.platform' to enable JTA platform integration)
2026-04-25T11:01:05.429+02:00  INFO 62613 --- [chat-service] [  restartedMain] j.LocalContainerEntityManagerFactoryBean : Initialized JPA EntityManagerFactory for persistence unit 'default'
2026-04-25T11:01:05.578+02:00  INFO 62613 --- [chat-service] [  restartedMain] o.s.d.j.r.query.QueryEnhancerFactory     : Hibernate is in classpath; If applicable, HQL parser will be used.
2026-04-25T11:01:05.791+02:00  INFO 62613 --- [chat-service] [  restartedMain] p.t.c.service.FileStorageService         : Upload directory initialised at /Users/syed/Documents/PSE/SP1_Trippy/trippy/services/chat-service/uploads/chat
2026-04-25T11:01:06.179+02:00 ERROR 62613 --- [chat-service] [  restartedMain] i.n.r.d.DnsServerAddressStreamProviders  : Unable to load io.netty.resolver.dns.macos.MacOSDnsServerAddressStreamProvider, fallback to system defaults. This may result in incorrect DNS resolutions on MacOS. Check whether you have a dependency on 'io.netty:netty-resolver-dns-native-macos'. Use DEBUG level to see the full stack: java.lang.UnsatisfiedLinkError: failed to load the required native library
2026-04-25T11:01:06.387+02:00  WARN 62613 --- [chat-service] [  restartedMain] o.s.b.d.a.OptionalLiveReloadServer       : Unable to start LiveReload server
2026-04-25T11:01:06.390+02:00  INFO 62613 --- [chat-service] [  restartedMain] o.s.b.a.e.web.EndpointLinksResolver      : Exposing 3 endpoints beneath base path '/actuator'
2026-04-25T11:01:06.416+02:00  INFO 62613 --- [chat-service] [  restartedMain] o.s.m.s.s.StompBrokerRelayMessageHandler : Starting...
2026-04-25T11:01:06.434+02:00  INFO 62613 --- [chat-service] [  restartedMain] o.s.m.s.s.StompBrokerRelayMessageHandler : Starting "system" session, StompBrokerRelay[ReactorNettyTcpClient[reactor.netty.tcp.TcpClientConnect@4cd8e189]]
2026-04-25T11:01:06.463+02:00  INFO 62613 --- [chat-service] [  restartedMain] o.s.m.s.s.StompBrokerRelayMessageHandler : Started.
2026-04-25T11:01:06.466+02:00  INFO 62613 --- [chat-service] [  restartedMain] o.s.b.w.embedded.tomcat.TomcatWebServer  : Tomcat started on port 8083 (http) with context path '/'
2026-04-25T11:01:06.473+02:00  INFO 62613 --- [chat-service] [  restartedMain] p.t.chatservice.ChatServiceApplication   : Started ChatServiceApplication in 2.513 seconds (process running for 2.65)
2026-04-25T11:01:06.489+02:00 ERROR 62613 --- [chat-service] [ent-scheduler-3] o.s.m.s.s.StompBrokerRelayMessageHandler : Received ERROR {message=[Bad CONNECT], content-type=[text/plain], version=[1.0,1.1,1.2], content-length=[30]} session=_system_ text/plain payload=Virtual host '/' access denied
2026-04-25T11:01:16.499+02:00 ERROR 62613 --- [chat-service] [ent-scheduler-6] o.s.m.s.s.StompBrokerRelayMessageHandler : Received ERROR {message=[Bad CONNECT], content-type=[text/plain], version=[1.0,1.1,1.2], content-length=[30]} session=_system_ text/plain payload=Virtual host '/' access denied
2026-04-25T11:01:26.504+02:00 ERROR 62613 --- [chat-service] [ent-scheduler-9] o.s.m.s.s.StompBrokerRelayMessageHandler : Received ERROR {message=[Bad CONNECT], content-type=[text/plain], version=[1.0,1.1,1.2], content-length=[30]} session=_system_ text/plain payload=Virtual host '/' access denied
2026-04-25T11:01:36.514+02:00 ERROR 62613 --- [chat-service] [ent-scheduler-2] o.s.m.s.s.StompBrokerRelayMessageHandler : Received ERROR {message=[Bad CONNECT], content-type=[text/plain], version=[1.0,1.1,1.2], content-length=[30]} session=_system_ text/plain payload=Virtual host '/' access denied
